#
# A fatal error has been detected by the Java Runtime Environment:
#
#  EXCEPTION_ACCESS_VIOLATION (0xc0000005) at pc=0x00007ffd732999b1, pid=9220, tid=7944
#
# JRE version: OpenJDK Runtime Environment (11.0.3+12) (build 11.0.3+12-b304.56)
# Java VM: OpenJDK 64-Bit Server VM (11.0.3+12-b304.56, mixed mode, sharing, tiered, compressed oops, g1 gc, windows-amd64)
# Problematic frame:
# V  [jvm.dll+0x3b99b1]
#
# No core dump will be written. Minidumps are not enabled by default on client versions of Windows
#
# If you would like to submit a bug report, please visit:
#   http://bugreport.java.com/bugreport/crash.jsp
#

---------------  S U M M A R Y ------------

Command Line: -javaagent:G:\soft\IntelliJ IDEA Community Edition 2019.2.2\lib\idea_rt.jar=64222:G:\soft\IntelliJ IDEA Community Edition 2019.2.2\bin -Dfile.encoding=UTF-8 user.UserMain

Host: Intel(R) Core(TM) i5-6200U CPU @ 2.30GHz, 4 cores, 7G,  Windows 10 , 64 bit Build 18362 (10.0.18362.329)
Time: Wed Nov 20 22:36:39 2019 ?D1¨²¡À¨º¡Á?¨º¡À?? elapsed time: 43 seconds (0d 0h 0m 43s)

---------------  T H R E A D  ---------------

Current thread (0x00000281a9613000):  JavaThread "JavaFX Application Thread" [_thread_in_vm, id=7944, stack(0x000000fadc900000,0x000000fadca00000)]

Stack: [0x000000fadc900000,0x000000fadca00000],  sp=0x000000fadc9feb80,  free space=1018k
Native frames: (J=compiled Java code, j=interpreted, Vv=VM code, C=native code)
V  [jvm.dll+0x3b99b1]
C  [glass.dll+0x274c]

Java frames: (J=compiled Java code, j=interpreted, Vv=VM code)
j  com.sun.glass.ui.win.WinApplication._runLoop(Ljava/lang/Runnable;)V+0 javafx.graphics@11.0.3
j  com.sun.glass.ui.win.WinApplication.lambda$runLoop$3(ILjava/lang/Runnable;)V+8 javafx.graphics@11.0.3
j  com.sun.glass.ui.win.WinApplication$$Lambda$60.run()V+12 javafx.graphics@11.0.3
j  java.lang.Thread.run()V+11 java.base@11.0.3
v  ~StubRoutines::call_stub

siginfo: EXCEPTION_ACCESS_VIOLATION (0xc0000005), reading address 0x0000000000000000


Register to memory mapping:

RIP=0x00007ffd732999b1 jvm.dll
RAX=0x0 is NULL
RBX=0x00000281a9613000 is a thread
RCX=0x000002818e011000 points into unknown readable memory: 00 00 00 00 00 00 00 00
RDX=0x0000000000000006 is an unknown value
RSP=0x000000fadc9feb80 is pointing into the stack for thread: 0x00000281a9613000
RBP=0x0 is NULL
RSI=0x00000281a9613340 points into unknown readable memory: d0 dc 85 73 fd 7f 00 00
RDI=0x00000281a95d6348 points into unknown readable memory: 98 13 89 88 00 00 00 00
R8 =0x0 is NULL
R9 =0x000000fadc9fec88 is pointing into the stack for thread: 0x00000281a9613000
R10={method} {0x00000281b8411940} 'setDragButton' '(I)V' in 'com/sun/glass/ui/win/WinDnDClipboard'
R11=0x00000281b2578f80 points into unknown readable memory: 0e 00 00 00 00 00 00 00
R12=0x00000281a9613340 points into unknown readable memory: d0 dc 85 73 fd 7f 00 00
R13=0x0 is NULL
R14=0x0 is NULL
R15=0x000000fadc9fec88 is pointing into the stack for thread: 0x00000281a9613000


Registers:
RAX=0x0000000000000000, RBX=0x00000281a9613000, RCX=0x000002818e011000, RDX=0x0000000000000006
RSP=0x000000fadc9feb80, RBP=0x0000000000000000, RSI=0x00000281a9613340, RDI=0x00000281a95d6348
R8 =0x0000000000000000, R9 =0x000000fadc9fec88, R10=0x00000281b8411938, R11=0x00000281b2578f80
R12=0x00000281a9613340, R13=0x0000000000000000, R14=0x0000000000000000, R15=0x000000fadc9fec88
RIP=0x00007ffd732999b1, EFLAGS=0x0000000000010246

Top of Stack: (sp=0x000000fadc9feb80)
0x000000fadc9feb80:   00000281a9613108 00000281a9613000
0x000000fadc9feb90:   00000281a95d6348 00007ffd72fdc611
0x000000fadc9feba0:   00000281b2578f80 00007ffd735b16ff
0x000000fadc9febb0:   0000000000000000 00000281a95d6348
0x000000fadc9febc0:   00000281a9613000 00007ffd73290a8b
0x000000fadc9febd0:   00000281a9613000 0000000000000000
0x000000fadc9febe0:   000000000013462e 0000000001100bdc
0x000000fadc9febf0:   0000000000000000 00007ffd9cd41525
0x000000fadc9fec00:   00000281a9613340 00007ffd7328fc86
0x000000fadc9fec10:   00000281a9613000 00007ffd9cd5a6a8
0x000000fadc9fec20:   0000000000000000 00000281a95f6784
0x000000fadc9fec30:   0000000000000000 00007ffd9cd3274c
0x000000fadc9fec40:   00000281a9613340 000000fadc9fede0
0x000000fadc9fec50:   00000281a95d6348 00000281a95d6348
0x000000fadc9fec60:   0000000000000000 00007ffd9cd449ee
0x000000fadc9fec70:   00000281a9613340 00000281a95d6348 

Instructions: (pc=0x00007ffd732999b1)
0x00007ffd73299991:   cb e8 d9 87 d7 ff 48 89 5c 24 50 48 89 6c 24 58
0x00007ffd732999a1:   48 39 6b 08 74 0a 48 8d 4c 24 50 e8 af 20 25 00
0x00007ffd732999b1:   49 8b 06 48 8d 4c 24 70 c7 44 24 40 0c 00 00 00
0x00007ffd732999c1:   48 8b 50 08 0f b7 42 2c 48 8b 52 08 48 8b 54 c2 


Stack slot to memory mapping:
stack at sp + 0 slots: 0x00000281a9613108 points into unknown readable memory: 00 10 01 8e 81 02 00 00
stack at sp + 1 slots: 0x00000281a9613000 is a thread
stack at sp + 2 slots: 0x00000281a95d6348 points into unknown readable memory: 98 13 89 88 00 00 00 00
stack at sp + 3 slots: 0x00007ffd72fdc611 jvm.dll
stack at sp + 4 slots: 0x00000281b2578f80 points into unknown readable memory: 0e 00 00 00 00 00 00 00
stack at sp + 5 slots: 0x00007ffd735b16ff jvm.dll
stack at sp + 6 slots: 0x0 is NULL
stack at sp + 7 slots: 0x00000281a95d6348 points into unknown readable memory: 98 13 89 88 00 00 00 00


---------------  P R O C E S S  ---------------

Threads class SMR info:
_java_thread_list=0x00000281b29c5870, length=20, elements={
0x000002818e918800, 0x00000281a87a8800, 0x00000281a87aa800, 0x00000281a87ca000,
0x00000281a87cc000, 0x00000281a87cd000, 0x00000281a87ce000, 0x00000281a9051800,
0x00000281a8789000, 0x00000281a9182800, 0x00000281a9183800, 0x00000281a941f000,
0x00000281a95fc000, 0x00000281a9613000, 0x00000281a97d5800, 0x00000281a942e000,
0x00000281a98ef800, 0x00000281b0fd7800, 0x00000281b2594000, 0x00000281b170a800
}

Java Threads: ( => current thread )
  0x000002818e918800 JavaThread "main" [_thread_blocked, id=15320, stack(0x000000fadb300000,0x000000fadb400000)]
  0x00000281a87a8800 JavaThread "Reference Handler" daemon [_thread_blocked, id=2156, stack(0x000000fadba00000,0x000000fadbb00000)]
  0x00000281a87aa800 JavaThread "Finalizer" daemon [_thread_blocked, id=6644, stack(0x000000fadbb00000,0x000000fadbc00000)]
  0x00000281a87ca000 JavaThread "Signal Dispatcher" daemon [_thread_blocked, id=7216, stack(0x000000fadbc00000,0x000000fadbd00000)]
  0x00000281a87cc000 JavaThread "Attach Listener" daemon [_thread_blocked, id=11184, stack(0x000000fadbd00000,0x000000fadbe00000)]
  0x00000281a87cd000 JavaThread "C2 CompilerThread0" daemon [_thread_blocked, id=9632, stack(0x000000fadbe00000,0x000000fadbf00000)]
  0x00000281a87ce000 JavaThread "C1 CompilerThread0" daemon [_thread_blocked, id=12548, stack(0x000000fadbf00000,0x000000fadc000000)]
  0x00000281a9051800 JavaThread "Sweeper thread" daemon [_thread_blocked, id=9384, stack(0x000000fadc000000,0x000000fadc100000)]
  0x00000281a8789000 JavaThread "Common-Cleaner" daemon [_thread_blocked, id=3444, stack(0x000000fadc100000,0x000000fadc200000)]
  0x00000281a9182800 JavaThread "Monitor Ctrl-Break" daemon [_thread_in_native, id=7612, stack(0x000000fadc200000,0x000000fadc300000)]
  0x00000281a9183800 JavaThread "Service Thread" daemon [_thread_blocked, id=11100, stack(0x000000fadc300000,0x000000fadc400000)]
  0x00000281a941f000 JavaThread "QuantumRenderer-0" daemon [_thread_blocked, id=14740, stack(0x000000fadc500000,0x000000fadc600000)]
  0x00000281a95fc000 JavaThread "InvokeLaterDispatcher" daemon [_thread_blocked, id=4632, stack(0x000000fadc800000,0x000000fadc900000)]
=>0x00000281a9613000 JavaThread "JavaFX Application Thread" [_thread_in_vm, id=7944, stack(0x000000fadc900000,0x000000fadca00000)]
  0x00000281a97d5800 JavaThread "JavaFX-Launcher" [_thread_blocked, id=2864, stack(0x000000fadcc00000,0x000000fadcd00000)]
  0x00000281a942e000 JavaThread "Thread-2" daemon [_thread_in_native, id=15512, stack(0x000000fadcb00000,0x000000fadcc00000)]
  0x00000281a98ef800 JavaThread "Java2D Disposer" daemon [_thread_blocked, id=12936, stack(0x000000fadd000000,0x000000fadd100000)]
  0x00000281b0fd7800 JavaThread "Prism Font Disposer" daemon [_thread_blocked, id=8576, stack(0x000000fadd200000,0x000000fadd300000)]
  0x00000281b2594000 JavaThread "mysql-cj-abandoned-connection-cleanup" daemon [_thread_blocked, id=1228, stack(0x000000fadd300000,0x000000fadd400000)]
  0x00000281b170a800 JavaThread "Cleaner-0" daemon [_thread_blocked, id=8968, stack(0x000000fadd700000,0x000000fadd800000)]

Other Threads:
  0x00000281a87a1800 VMThread "VM Thread" [stack: 0x000000fadb900000,0x000000fadba00000] [id=15124]
  0x00000281a918b000 WatcherThread [stack: 0x000000fadc400000,0x000000fadc500000] [id=14652]
  0x000002818e930800 GCTaskThread "GC Thread#0" [stack: 0x000000fadb400000,0x000000fadb500000] [id=7912]
  0x00000281a97e5800 GCTaskThread "GC Thread#1" [stack: 0x000000fadcd00000,0x000000fadce00000] [id=2472]
  0x00000281a97e6800 GCTaskThread "GC Thread#2" [stack: 0x000000fadce00000,0x000000fadcf00000] [id=15800]
  0x00000281a97b1800 GCTaskThread "GC Thread#3" [stack: 0x000000fadcf00000,0x000000fadd000000] [id=15328]
  0x000002818e960800 ConcurrentGCThread "G1 Main Marker" [stack: 0x000000fadb500000,0x000000fadb600000] [id=14052]
  0x000002818e962000 ConcurrentGCThread "G1 Conc#0" [stack: 0x000000fadb600000,0x000000fadb700000] [id=7788]
  0x00000281a8640800 ConcurrentGCThread "G1 Refine#0" [stack: 0x000000fadb700000,0x000000fadb800000] [id=8152]
  0x00000281a8641800 ConcurrentGCThread "G1 Young RemSet Sampling" [stack: 0x000000fadb800000,0x000000fadb900000] [id=6072]

Threads with active compile tasks:

VM state:synchronizing (normal execution)

VM Mutex/Monitor currently owned by a thread:  ([mutex/lock_event])
[0x000002818e914930] Threads_lock - owner thread: 0x00000281a87a1800

OutOfMemory and StackOverflow Exception counts:
OutOfMemoryError java_heap_errors=1
LinkageErrors=30

Heap address: 0x0000000081a00000, size: 2022 MB, Compressed Oops mode: 32-bit
Narrow klass base: 0x0000000800000000, Narrow klass shift: 3
Compressed class space size: 1073741824 Address: 0x0000000840000000

Heap:
 garbage-first heap   total 131072K, used 46012K [0x0000000081a00000, 0x0000000100000000)
  region size 1024K, 23 young (23552K), 5 survivors (5120K)
 Metaspace       used 24925K, capacity 26198K, committed 26496K, reserved 1071104K
  class space    used 3314K, capacity 3859K, committed 3968K, reserved 1048576K
Heap Regions: E=young(eden), S=young(survivor), O=old, HS=humongous(starts), HC=humongous(continues), CS=collection set, F=free, A=archive, TAMS=top-at-mark-start (previous, next)
|   0|0x0000000081a00000, 0x0000000081b00000, 0x0000000081b00000|100%| O|  |TAMS 0x0000000081ad8200, 0x0000000081a00000| Untracked 
|   1|0x0000000081b00000, 0x0000000081c00000, 0x0000000081c00000|100%|HS|  |TAMS 0x0000000081c00000, 0x0000000081b00000| Complete 
|   2|0x0000000081c00000, 0x0000000081d00000, 0x0000000081d00000|100%|HC|  |TAMS 0x0000000081d00000, 0x0000000081c00000| Complete 
|   3|0x0000000081d00000, 0x0000000081e00000, 0x0000000081e00000|100%|HC|  |TAMS 0x0000000081e00000, 0x0000000081d00000| Complete 
|   4|0x0000000081e00000, 0x0000000081f00000, 0x0000000081f00000|100%|HC|  |TAMS 0x0000000081f00000, 0x0000000081e00000| Complete 
|   5|0x0000000081f00000, 0x0000000082000000, 0x0000000082000000|100%|HS|  |TAMS 0x0000000082000000, 0x0000000081f00000| Complete 
|   6|0x0000000082000000, 0x0000000082100000, 0x0000000082100000|100%|HC|  |TAMS 0x0000000082100000, 0x0000000082000000| Complete 
|   7|0x0000000082100000, 0x0000000082200000, 0x0000000082200000|100%| O|  |TAMS 0x0000000082100000, 0x0000000082100000| Untracked 
|   8|0x0000000082200000, 0x0000000082300000, 0x0000000082300000|100%| O|  |TAMS 0x0000000082200000, 0x0000000082200000| Untracked 
|   9|0x0000000082300000, 0x0000000082400000, 0x0000000082400000|100%| O|  |TAMS 0x0000000082300000, 0x0000000082300000| Untracked 
|  10|0x0000000082400000, 0x0000000082500000, 0x0000000082500000|100%| O|  |TAMS 0x0000000082400000, 0x0000000082400000| Untracked 
|  11|0x0000000082500000, 0x0000000082600000, 0x0000000082600000|100%| O|  |TAMS 0x0000000082500000, 0x0000000082500000| Untracked 
|  12|0x0000000082600000, 0x0000000082700000, 0x0000000082700000|100%| O|  |TAMS 0x0000000082600000, 0x0000000082600000| Untracked 
|  13|0x0000000082700000, 0x0000000082800000, 0x0000000082800000|100%| O|  |TAMS 0x0000000082700000, 0x0000000082700000| Untracked 
|  14|0x0000000082800000, 0x0000000082900000, 0x0000000082900000|100%| O|  |TAMS 0x0000000082800000, 0x0000000082800000| Untracked 
|  15|0x0000000082900000, 0x0000000082a00000, 0x0000000082a00000|100%| O|  |TAMS 0x0000000082900000, 0x0000000082900000| Untracked 
|  16|0x0000000082a00000, 0x0000000082b00000, 0x0000000082b00000|100%| O|  |TAMS 0x0000000082a00000, 0x0000000082a00000| Untracked 
|  17|0x0000000082b00000, 0x0000000082c00000, 0x0000000082c00000|100%| O|  |TAMS 0x0000000082b00000, 0x0000000082b00000| Untracked 
|  18|0x0000000082c00000, 0x0000000082cef200, 0x0000000082d00000| 93%| O|  |TAMS 0x0000000082c00000, 0x0000000082c00000| Untracked 
|  19|0x0000000082d00000, 0x0000000082e00000, 0x0000000082e00000|100%|HS|  |TAMS 0x0000000082d00000, 0x0000000082d00000| Complete 
|  20|0x0000000082e00000, 0x0000000082f00000, 0x0000000082f00000|100%|HC|  |TAMS 0x0000000082e00000, 0x0000000082e00000| Complete 
|  21|0x0000000082f00000, 0x0000000083000000, 0x0000000083000000|100%|HS|  |TAMS 0x0000000082f00000, 0x0000000082f00000| Complete 
|  22|0x0000000083000000, 0x0000000083100000, 0x0000000083100000|100%|HC|  |TAMS 0x0000000083000000, 0x0000000083000000| Complete 
|  23|0x0000000083100000, 0x0000000083100000, 0x0000000083200000|  0%| F|  |TAMS 0x0000000083100000, 0x0000000083100000| Untracked 
|  24|0x0000000083200000, 0x0000000083200000, 0x0000000083300000|  0%| F|  |TAMS 0x0000000083200000, 0x0000000083200000| Untracked 
|  25|0x0000000083300000, 0x0000000083300000, 0x0000000083400000|  0%| F|  |TAMS 0x0000000083300000, 0x0000000083300000| Untracked 
|  26|0x0000000083400000, 0x0000000083400000, 0x0000000083500000|  0%| F|  |TAMS 0x0000000083400000, 0x0000000083400000| Untracked 
|  27|0x0000000083500000, 0x0000000083500000, 0x0000000083600000|  0%| F|  |TAMS 0x0000000083500000, 0x0000000083500000| Untracked 
|  28|0x0000000083600000, 0x0000000083600000, 0x0000000083700000|  0%| F|  |TAMS 0x0000000083600000, 0x0000000083600000| Untracked 
|  29|0x0000000083700000, 0x0000000083700000, 0x0000000083800000|  0%| F|  |TAMS 0x0000000083700000, 0x0000000083700000| Untracked 
|  30|0x0000000083800000, 0x0000000083800000, 0x0000000083900000|  0%| F|  |TAMS 0x0000000083800000, 0x0000000083800000| Untracked 
|  31|0x0000000083900000, 0x0000000083900000, 0x0000000083a00000|  0%| F|  |TAMS 0x0000000083900000, 0x0000000083900000| Untracked 
|  32|0x0000000083a00000, 0x0000000083a00000, 0x0000000083b00000|  0%| F|  |TAMS 0x0000000083a00000, 0x0000000083a00000| Untracked 
|  33|0x0000000083b00000, 0x0000000083b00000, 0x0000000083c00000|  0%| F|  |TAMS 0x0000000083b00000, 0x0000000083b00000| Untracked 
|  34|0x0000000083c00000, 0x0000000083c00000, 0x0000000083d00000|  0%| F|  |TAMS 0x0000000083c00000, 0x0000000083c00000| Untracked 
|  35|0x0000000083d00000, 0x0000000083d00000, 0x0000000083e00000|  0%| F|  |TAMS 0x0000000083d00000, 0x0000000083d00000| Untracked 
|  36|0x0000000083e00000, 0x0000000083e00000, 0x0000000083f00000|  0%| F|  |TAMS 0x0000000083e00000, 0x0000000083e00000| Untracked 
|  37|0x0000000083f00000, 0x0000000083f00000, 0x0000000084000000|  0%| F|  |TAMS 0x0000000083f00000, 0x0000000083f00000| Untracked 
|  38|0x0000000084000000, 0x0000000084000000, 0x0000000084100000|  0%| F|  |TAMS 0x0000000084000000, 0x0000000084000000| Untracked 
|  39|0x0000000084100000, 0x0000000084100000, 0x0000000084200000|  0%| F|  |TAMS 0x0000000084100000, 0x0000000084100000| Untracked 
|  40|0x0000000084200000, 0x0000000084200000, 0x0000000084300000|  0%| F|  |TAMS 0x0000000084200000, 0x0000000084200000| Untracked 
|  41|0x0000000084300000, 0x0000000084300000, 0x0000000084400000|  0%| F|  |TAMS 0x0000000084300000, 0x0000000084300000| Untracked 
|  42|0x0000000084400000, 0x0000000084400000, 0x0000000084500000|  0%| F|  |TAMS 0x0000000084400000, 0x0000000084400000| Untracked 
|  43|0x0000000084500000, 0x0000000084500000, 0x0000000084600000|  0%| F|  |TAMS 0x0000000084500000, 0x0000000084500000| Untracked 
|  44|0x0000000084600000, 0x0000000084600000, 0x0000000084700000|  0%| F|  |TAMS 0x0000000084600000, 0x0000000084600000| Untracked 
|  45|0x0000000084700000, 0x0000000084700000, 0x0000000084800000|  0%| F|  |TAMS 0x0000000084700000, 0x0000000084700000| Untracked 
|  46|0x0000000084800000, 0x0000000084800000, 0x0000000084900000|  0%| F|  |TAMS 0x0000000084800000, 0x0000000084800000| Untracked 
|  47|0x0000000084900000, 0x0000000084900000, 0x0000000084a00000|  0%| F|  |TAMS 0x0000000084900000, 0x0000000084900000| Untracked 
|  48|0x0000000084a00000, 0x0000000084a00000, 0x0000000084b00000|  0%| F|  |TAMS 0x0000000084a00000, 0x0000000084a00000| Untracked 
|  49|0x0000000084b00000, 0x0000000084b00000, 0x0000000084c00000|  0%| F|  |TAMS 0x0000000084b00000, 0x0000000084b00000| Untracked 
|  50|0x0000000084c00000, 0x0000000084c00000, 0x0000000084d00000|  0%| F|  |TAMS 0x0000000084c00000, 0x0000000084c00000| Untracked 
|  51|0x0000000084d00000, 0x0000000084d00000, 0x0000000084e00000|  0%| F|  |TAMS 0x0000000084d00000, 0x0000000084d00000| Untracked 
|  52|0x0000000084e00000, 0x0000000084e00000, 0x0000000084f00000|  0%| F|  |TAMS 0x0000000084e00000, 0x0000000084e00000| Untracked 
|  53|0x0000000084f00000, 0x0000000084f00000, 0x0000000085000000|  0%| F|  |TAMS 0x0000000084f00000, 0x0000000084f00000| Untracked 
|  54|0x0000000085000000, 0x0000000085000000, 0x0000000085100000|  0%| F|  |TAMS 0x0000000085000000, 0x0000000085000000| Untracked 
|  55|0x0000000085100000, 0x0000000085100000, 0x0000000085200000|  0%| F|  |TAMS 0x0000000085100000, 0x0000000085100000| Untracked 
|  56|0x0000000085200000, 0x0000000085200000, 0x0000000085300000|  0%| F|  |TAMS 0x0000000085200000, 0x0000000085200000| Untracked 
|  57|0x0000000085300000, 0x0000000085300000, 0x0000000085400000|  0%| F|  |TAMS 0x0000000085300000, 0x0000000085300000| Untracked 
|  58|0x0000000085400000, 0x0000000085400000, 0x0000000085500000|  0%| F|  |TAMS 0x0000000085400000, 0x0000000085400000| Untracked 
|  59|0x0000000085500000, 0x0000000085500000, 0x0000000085600000|  0%| F|  |TAMS 0x0000000085500000, 0x0000000085500000| Untracked 
|  60|0x0000000085600000, 0x0000000085600000, 0x0000000085700000|  0%| F|  |TAMS 0x0000000085600000, 0x0000000085600000| Untracked 
|  61|0x0000000085700000, 0x0000000085700000, 0x0000000085800000|  0%| F|  |TAMS 0x0000000085700000, 0x0000000085700000| Untracked 
|  62|0x0000000085800000, 0x0000000085800000, 0x0000000085900000|  0%| F|  |TAMS 0x0000000085800000, 0x0000000085800000| Untracked 
|  63|0x0000000085900000, 0x0000000085900000, 0x0000000085a00000|  0%| F|  |TAMS 0x0000000085900000, 0x0000000085900000| Untracked 
|  64|0x0000000085a00000, 0x0000000085a00000, 0x0000000085b00000|  0%| F|  |TAMS 0x0000000085a00000, 0x0000000085a00000| Untracked 
|  65|0x0000000085b00000, 0x0000000085b00000, 0x0000000085c00000|  0%| F|  |TAMS 0x0000000085b00000, 0x0000000085b00000| Untracked 
|  66|0x0000000085c00000, 0x0000000085c00000, 0x0000000085d00000|  0%| F|  |TAMS 0x0000000085c00000, 0x0000000085c00000| Untracked 
|  67|0x0000000085d00000, 0x0000000085d00000, 0x0000000085e00000|  0%| F|  |TAMS 0x0000000085d00000, 0x0000000085d00000| Untracked 
|  68|0x0000000085e00000, 0x0000000085e00000, 0x0000000085f00000|  0%| F|  |TAMS 0x0000000085e00000, 0x0000000085e00000| Untracked 
|  69|0x0000000085f00000, 0x0000000085f00000, 0x0000000086000000|  0%| F|  |TAMS 0x0000000085f00000, 0x0000000085f00000| Untracked 
|  70|0x0000000086000000, 0x0000000086000000, 0x0000000086100000|  0%| F|  |TAMS 0x0000000086000000, 0x0000000086000000| Untracked 
|  71|0x0000000086100000, 0x0000000086100000, 0x0000000086200000|  0%| F|  |TAMS 0x0000000086100000, 0x0000000086100000| Untracked 
|  72|0x0000000086200000, 0x0000000086200000, 0x0000000086300000|  0%| F|  |TAMS 0x0000000086200000, 0x0000000086200000| Untracked 
|  73|0x0000000086300000, 0x0000000086300000, 0x0000000086400000|  0%| F|  |TAMS 0x0000000086300000, 0x0000000086300000| Untracked 
|  74|0x0000000086400000, 0x0000000086400000, 0x0000000086500000|  0%| F|  |TAMS 0x0000000086400000, 0x0000000086400000| Untracked 
|  75|0x0000000086500000, 0x0000000086500000, 0x0000000086600000|  0%| F|  |TAMS 0x0000000086500000, 0x0000000086500000| Untracked 
|  76|0x0000000086600000, 0x0000000086600000, 0x0000000086700000|  0%| F|  |TAMS 0x0000000086600000, 0x0000000086600000| Untracked 
|  77|0x0000000086700000, 0x0000000086700000, 0x0000000086800000|  0%| F|  |TAMS 0x0000000086700000, 0x0000000086700000| Untracked 
|  78|0x0000000086800000, 0x0000000086800000, 0x0000000086900000|  0%| F|  |TAMS 0x0000000086800000, 0x0000000086800000| Untracked 
|  79|0x0000000086900000, 0x0000000086900000, 0x0000000086a00000|  0%| F|  |TAMS 0x0000000086900000, 0x0000000086900000| Untracked 
|  80|0x0000000086a00000, 0x0000000086a00000, 0x0000000086b00000|  0%| F|  |TAMS 0x0000000086a00000, 0x0000000086a00000| Untracked 
|  81|0x0000000086b00000, 0x0000000086b00000, 0x0000000086c00000|  0%| F|  |TAMS 0x0000000086b00000, 0x0000000086b00000| Untracked 
|  82|0x0000000086c00000, 0x0000000086c00000, 0x0000000086d00000|  0%| F|  |TAMS 0x0000000086c00000, 0x0000000086c00000| Untracked 
|  83|0x0000000086d00000, 0x0000000086d00000, 0x0000000086e00000|  0%| F|  |TAMS 0x0000000086d00000, 0x0000000086d00000| Untracked 
|  84|0x0000000086e00000, 0x0000000086e00000, 0x0000000086f00000|  0%| F|  |TAMS 0x0000000086e00000, 0x0000000086e00000| Untracked 
|  85|0x0000000086f00000, 0x0000000086f00000, 0x0000000087000000|  0%| F|  |TAMS 0x0000000086f00000, 0x0000000086f00000| Untracked 
|  86|0x0000000087000000, 0x0000000087000000, 0x0000000087100000|  0%| F|  |TAMS 0x0000000087000000, 0x0000000087000000| Untracked 
|  87|0x0000000087100000, 0x0000000087100000, 0x0000000087200000|  0%| F|  |TAMS 0x0000000087100000, 0x0000000087100000| Untracked 
|  88|0x0000000087200000, 0x0000000087200000, 0x0000000087300000|  0%| F|  |TAMS 0x0000000087200000, 0x0000000087200000| Untracked 
|  89|0x0000000087300000, 0x0000000087300000, 0x0000000087400000|  0%| F|  |TAMS 0x0000000087300000, 0x0000000087300000| Untracked 
|  90|0x0000000087400000, 0x0000000087400000, 0x0000000087500000|  0%| F|  |TAMS 0x0000000087400000, 0x0000000087400000| Untracked 
|  91|0x0000000087500000, 0x0000000087500000, 0x0000000087600000|  0%| F|  |TAMS 0x0000000087500000, 0x0000000087500000| Untracked 
|  92|0x0000000087600000, 0x0000000087600000, 0x0000000087700000|  0%| F|  |TAMS 0x0000000087600000, 0x0000000087600000| Untracked 
|  93|0x0000000087700000, 0x0000000087700000, 0x0000000087800000|  0%| F|  |TAMS 0x0000000087700000, 0x0000000087700000| Untracked 
|  94|0x0000000087800000, 0x0000000087800000, 0x0000000087900000|  0%| F|  |TAMS 0x0000000087800000, 0x0000000087800000| Untracked 
|  95|0x0000000087900000, 0x0000000087900000, 0x0000000087a00000|  0%| F|  |TAMS 0x0000000087900000, 0x0000000087900000| Untracked 
|  96|0x0000000087a00000, 0x0000000087b00000, 0x0000000087b00000|100%| S|CS|TAMS 0x0000000087a00000, 0x0000000087a00000| Complete 
|  97|0x0000000087b00000, 0x0000000087c00000, 0x0000000087c00000|100%| S|CS|TAMS 0x0000000087b00000, 0x0000000087b00000| Complete 
|  98|0x0000000087c00000, 0x0000000087d00000, 0x0000000087d00000|100%| S|CS|TAMS 0x0000000087c00000, 0x0000000087c00000| Complete 
|  99|0x0000000087d00000, 0x0000000087e00000, 0x0000000087e00000|100%| S|CS|TAMS 0x0000000087d00000, 0x0000000087d00000| Complete 
| 100|0x0000000087e00000, 0x0000000087f00000, 0x0000000087f00000|100%| S|CS|TAMS 0x0000000087e00000, 0x0000000087e00000| Complete 
| 101|0x0000000087f00000, 0x0000000087f00000, 0x0000000088000000|  0%| F|  |TAMS 0x0000000087f00000, 0x0000000087f00000| Untracked 
| 102|0x0000000088000000, 0x0000000088000000, 0x0000000088100000|  0%| F|  |TAMS 0x0000000088000000, 0x0000000088000000| Untracked 
| 103|0x0000000088100000, 0x0000000088100000, 0x0000000088200000|  0%| F|  |TAMS 0x0000000088100000, 0x0000000088100000| Untracked 
| 104|0x0000000088200000, 0x0000000088200000, 0x0000000088300000|  0%| F|  |TAMS 0x0000000088200000, 0x0000000088200000| Untracked 
| 105|0x0000000088300000, 0x0000000088300000, 0x0000000088400000|  0%| F|  |TAMS 0x0000000088300000, 0x0000000088300000| Untracked 
| 106|0x0000000088400000, 0x0000000088400000, 0x0000000088500000|  0%| F|  |TAMS 0x0000000088400000, 0x0000000088400000| Untracked 
| 107|0x0000000088500000, 0x0000000088500000, 0x0000000088600000|  0%| F|  |TAMS 0x0000000088500000, 0x0000000088500000| Untracked 
| 108|0x0000000088600000, 0x0000000088600000, 0x0000000088700000|  0%| F|  |TAMS 0x0000000088600000, 0x0000000088600000| Untracked 
| 109|0x0000000088700000, 0x0000000088700000, 0x0000000088800000|  0%| F|  |TAMS 0x0000000088700000, 0x0000000088700000| Untracked 
| 110|0x0000000088800000, 0x0000000088900000, 0x0000000088900000|100%| E|  |TAMS 0x0000000088800000, 0x0000000088800000| Complete 
| 111|0x0000000088900000, 0x0000000088a00000, 0x0000000088a00000|100%| E|CS|TAMS 0x0000000088900000, 0x0000000088900000| Complete 
| 112|0x0000000088a00000, 0x0000000088b00000, 0x0000000088b00000|100%| E|CS|TAMS 0x0000000088a00000, 0x0000000088a00000| Complete 
| 113|0x0000000088b00000, 0x0000000088c00000, 0x0000000088c00000|100%| E|CS|TAMS 0x0000000088b00000, 0x0000000088b00000| Complete 
| 114|0x0000000088c00000, 0x0000000088d00000, 0x0000000088d00000|100%| E|CS|TAMS 0x0000000088c00000, 0x0000000088c00000| Complete 
| 115|0x0000000088d00000, 0x0000000088e00000, 0x0000000088e00000|100%| E|CS|TAMS 0x0000000088d00000, 0x0000000088d00000| Complete 
| 116|0x0000000088e00000, 0x0000000088f00000, 0x0000000088f00000|100%| E|CS|TAMS 0x0000000088e00000, 0x0000000088e00000| Complete 
| 117|0x0000000088f00000, 0x0000000089000000, 0x0000000089000000|100%| E|CS|TAMS 0x0000000088f00000, 0x0000000088f00000| Complete 
| 118|0x0000000089000000, 0x0000000089100000, 0x0000000089100000|100%| E|CS|TAMS 0x0000000089000000, 0x0000000089000000| Complete 
| 119|0x0000000089100000, 0x0000000089200000, 0x0000000089200000|100%| E|CS|TAMS 0x0000000089100000, 0x0000000089100000| Complete 
| 120|0x0000000089200000, 0x0000000089300000, 0x0000000089300000|100%| E|CS|TAMS 0x0000000089200000, 0x0000000089200000| Complete 
| 121|0x0000000089300000, 0x0000000089400000, 0x0000000089400000|100%| E|CS|TAMS 0x0000000089300000, 0x0000000089300000| Complete 
| 122|0x0000000089400000, 0x0000000089500000, 0x0000000089500000|100%| E|CS|TAMS 0x0000000089400000, 0x0000000089400000| Complete 
| 123|0x0000000089500000, 0x0000000089600000, 0x0000000089600000|100%| E|CS|TAMS 0x0000000089500000, 0x0000000089500000| Complete 
| 124|0x0000000089600000, 0x0000000089700000, 0x0000000089700000|100%| E|CS|TAMS 0x0000000089600000, 0x0000000089600000| Complete 
| 125|0x0000000089700000, 0x0000000089800000, 0x0000000089800000|100%| E|CS|TAMS 0x0000000089700000, 0x0000000089700000| Complete 
| 126|0x0000000089800000, 0x0000000089900000, 0x0000000089900000|100%| E|CS|TAMS 0x0000000089800000, 0x0000000089800000| Complete 
| 127|0x0000000089900000, 0x0000000089a00000, 0x0000000089a00000|100%| E|CS|TAMS 0x0000000089900000, 0x0000000089900000| Complete 

Card table byte_map: [0x00000281a1bc0000,0x00000281a1fc0000] _byte_map_base: 0x00000281a17b3000

Marking Bits (Prev, Next): (CMBitMap*) 0x000002818e957dc0, (CMBitMap*) 0x000002818e957d88
 Prev Bits: [0x00000281a4360000, 0x00000281a62f8000)
 Next Bits: [0x00000281a23c0000, 0x00000281a4358000)

Polling page: 0x000002818e010000

Metaspace:

Usage:
  Non-class:     21.82 MB capacity,    21.10 MB ( 97%) used,   586.41 KB (  3%) free+waste,   141.25 KB ( <1%) overhead. 
      Class:      3.77 MB capacity,     3.24 MB ( 86%) used,   473.87 KB ( 12%) free+waste,    71.06 KB (  2%) overhead. 
       Both:     25.58 MB capacity,    24.34 MB ( 95%) used,     1.04 MB (  4%) free+waste,   212.31 KB ( <1%) overhead. 

Virtual space:
  Non-class space:       22.00 MB reserved,      22.00 MB (100%) committed 
      Class space:        1.00 GB reserved,       3.88 MB ( <1%) committed 
             Both:        1.02 GB reserved,      25.88 MB (  2%) committed 

Chunk freelists:
   Non-Class:  61.00 KB
       Class:  13.00 KB
        Both:  74.00 KB

CodeHeap 'non-profiled nmethods': size=120064Kb used=2233Kb max_used=2233Kb free=117830Kb
 bounds [0x000002819a280000, 0x000002819a4f0000, 0x00000281a17c0000]
CodeHeap 'profiled nmethods': size=120000Kb used=10231Kb max_used=10231Kb free=109768Kb
 bounds [0x0000028192d50000, 0x0000028193750000, 0x000002819a280000]
CodeHeap 'non-nmethods': size=5696Kb used=1389Kb max_used=1418Kb free=4306Kb
 bounds [0x00000281927c0000, 0x0000028192a30000, 0x0000028192d50000]
 total_blobs=6237 nmethods=4395 adapters=738
 compilation: enabled
              stopped_count=0, restarted_count=0
 full_count=0

Compilation events (10 events):
Event: 42.178 Thread 0x00000281a87ce000 4393       3       com.sun.javafx.geom.transform.Translate2D::inverseTransform (48 bytes)
Event: 42.179 Thread 0x00000281a87ce000 nmethod 4393 0x000002819374c710 code [0x000002819374c8e0, 0x000002819374cc18]
Event: 42.244 Thread 0x00000281a87ce000 4394       3       com.sun.javafx.geom.transform.Translate2D::inverseDeltaTransform (19 bytes)
Event: 42.245 Thread 0x00000281a87ce000 nmethod 4394 0x000002819374cd90 code [0x000002819374cf60, 0x000002819374d2f8]
Event: 42.245 Thread 0x00000281a87ce000 4395       3       com.sun.javafx.scene.NodeHelper::getSubScene (10 bytes)
Event: 42.245 Thread 0x00000281a87ce000 nmethod 4395 0x000002819374d490 code [0x000002819374d660, 0x000002819374d878]
Event: 42.245 Thread 0x00000281a87ce000 4396       3       javafx.scene.Node$1::getSubScene (5 bytes)
Event: 42.245 Thread 0x00000281a87ce000 nmethod 4396 0x000002819374d990 code [0x000002819374db40, 0x000002819374dcd8]
Event: 42.615 Thread 0x00000281a87ce000 4397       1       java.lang.Module::getName (5 bytes)
Event: 42.616 Thread 0x00000281a87ce000 nmethod 4397 0x000002819a4ae390 code [0x000002819a4ae540, 0x000002819a4ae678]

GC Heap History (6 events):
Event: 1.305 GC heap before
{Heap before GC invocations=0 (full 0):
 garbage-first heap   total 131072K, used 13312K [0x0000000081a00000, 0x0000000100000000)
  region size 1024K, 14 young (14336K), 0 survivors (0K)
 Metaspace       used 4196K, capacity 7027K, committed 7296K, reserved 1056768K
  class space    used 442K, capacity 777K, committed 896K, reserved 1048576K
}
Event: 1.513 GC heap after
{Heap after GC invocations=1 (full 0):
 garbage-first heap   total 131072K, used 2912K [0x0000000081a00000, 0x0000000100000000)
  region size 1024K, 2 young (2048K), 2 survivors (2048K)
 Metaspace       used 4196K, capacity 7027K, committed 7296K, reserved 1056768K
  class space    used 442K, capacity 777K, committed 896K, reserved 1048576K
}
Event: 7.780 GC heap before
{Heap before GC invocations=1 (full 0):
 garbage-first heap   total 131072K, used 65376K [0x0000000081a00000, 0x0000000100000000)
  region size 1024K, 59 young (60416K), 2 survivors (2048K)
 Metaspace       used 20059K, capacity 20999K, committed 21248K, reserved 1067008K
  class space    used 2655K, capacity 3050K, committed 3072K, reserved 1048576K
}
Event: 7.804 GC heap after
{Heap after GC invocations=2 (full 0):
 garbage-first heap   total 131072K, used 17185K [0x0000000081a00000, 0x0000000100000000)
  region size 1024K, 10 young (10240K), 10 survivors (10240K)
 Metaspace       used 20059K, capacity 20999K, committed 21248K, reserved 1067008K
  class space    used 2655K, capacity 3050K, committed 3072K, reserved 1048576K
}
Event: 10.480 GC heap before
{Heap before GC invocations=3 (full 0):
 garbage-first heap   total 131072K, used 44833K [0x0000000081a00000, 0x0000000100000000)
  region size 1024K, 37 young (37888K), 10 survivors (10240K)
 Metaspace       used 23142K, capacity 24323K, committed 24448K, reserved 1071104K
  class space    used 3167K, capacity 3667K, committed 3712K, reserved 1048576K
}
Event: 10.514 GC heap after
{Heap after GC invocations=4 (full 0):
 garbage-first heap   total 131072K, used 24508K [0x0000000081a00000, 0x0000000100000000)
  region size 1024K, 5 young (5120K), 5 survivors (5120K)
 Metaspace       used 23142K, capacity 24323K, committed 24448K, reserved 1071104K
  class space    used 3167K, capacity 3667K, committed 3712K, reserved 1048576K
}

Deoptimization events (10 events):
Event: 9.644 Thread 0x00000281a9613000 Uncommon trap: reason=array_check action=maybe_recompile pc=0x000002819a407c04 method=javafx.css.CompoundSelector.applies(Ljavafx/css/Styleable;[Ljava/util/Set;I)Z @ 128 c2
Event: 9.644 Thread 0x00000281a9613000 Uncommon trap: reason=array_check action=maybe_recompile pc=0x000002819a403e8c method=javafx.css.CompoundSelector.applies(Ljavafx/css/Styleable;[Ljava/util/Set;I)Z @ 128 c2
Event: 9.774 Thread 0x00000281a9613000 Uncommon trap: reason=bimorphic_or_optimized_type_check action=maybe_recompile pc=0x000002819a3f3830 method=java.util.HashMap.computeIfAbsent(Ljava/lang/Object;Ljava/util/function/Function;)Ljava/lang/Object; @ 202 c2
Event: 9.774 Thread 0x00000281a9613000 Uncommon trap: reason=unstable_if action=reinterpret pc=0x000002819a3713dc method=com.sun.javafx.css.BitSet.add(Ljava/lang/Object;)Z @ 91 c2
Event: 9.818 Thread 0x00000281a9613000 Uncommon trap: reason=unstable_if action=reinterpret pc=0x000002819a377888 method=com.sun.javafx.css.BitSet.add(Ljava/lang/Object;)Z @ 91 c2
Event: 11.028 Thread 0x00000281a9613000 Uncommon trap: reason=unstable_if action=reinterpret pc=0x000002819a415200 method=javafx.scene.Node.transformedBoundsChanged()V @ 4 c2
Event: 11.341 Thread 0x00000281a9613000 Uncommon trap: reason=unstable_if action=reinterpret pc=0x000002819a455bf8 method=java.lang.StrictMath.floorOrCeil(DDDD)D @ 38 c2
Event: 11.887 Thread 0x00000281a9613000 Uncommon trap: reason=unstable_if action=reinterpret pc=0x000002819a42707c method=javafx.scene.Node.isDirtyEmpty()Z @ 4 c2
Event: 11.887 Thread 0x00000281a9613000 Uncommon trap: reason=unstable_if action=reinterpret pc=0x000002819a45362c method=javafx.scene.Node.isDirtyEmpty()Z @ 4 c2
Event: 13.019 Thread 0x00000281a9613000 Uncommon trap: reason=bimorphic_or_optimized_type_check action=maybe_recompile pc=0x000002819a3f3830 method=java.util.HashMap.computeIfAbsent(Ljava/lang/Object;Ljava/util/function/Function;)Ljava/lang/Object; @ 202 c2

Classes redefined (0 events):
No events

Internal exceptions (10 events):
Event: 6.310 Thread 0x00000281a9613000 Exception <a 'java/io/FileNotFoundException'{0x0000000086be0e48}> (0x0000000086be0e48) thrown at [c:/BuildAgent/work/5ff2f6c26000d570/src/hotspot/share/prims/jni.cpp, line 615]
Event: 7.352 Thread 0x00000281a9613000 Implicit null exception at 0x000002819a380be9 to 0x000002819a382aa2
Event: 7.352 Thread 0x00000281a9613000 Implicit null exception at 0x000002819a38530d to 0x000002819a386c96
Event: 7.405 Thread 0x00000281a9613000 Exception <a 'java/lang/NoSuchMethodError'{0x0000000086445340}: java.lang.invoke.DirectMethodHandle$Holder.invokeInterface(Ljava/lang/Object;Ljava/lang/Object;Ljava/lang/Object;)Ljava/lang/Object;> (0x0000000086445340) thrown at [c:/BuildAgent/work/5ff2f6
Event: 7.406 Thread 0x00000281a9613000 Exception <a 'java/lang/IncompatibleClassChangeError'{0x00000000864482c8}: Found class java.lang.Object, but interface was expected> (0x00000000864482c8) thrown at [c:/BuildAgent/work/5ff2f6c26000d570/src/hotspot/share/interpreter/linkResolver.cpp, line 8
Event: 7.764 Thread 0x00000281a9613000 Exception <a 'java/lang/NoSuchMethodError'{0x00000000860a1b30}: java.lang.invoke.DirectMethodHandle$Holder.invokeSpecial(Ljava/lang/Object;Ljava/lang/Object;Ljava/lang/Object;Ljava/lang/Object;Ljava/lang/Object;Ljava/lang/Object;)V> (0x00000000860a1b30) t
Event: 11.030 Thread 0x00000281a9613000 Exception <a 'java/lang/NoSuchMethodError'{0x00000000895cdf00}: java.lang.invoke.Invokers$Holder.linkToTargetMethod(Ljava/lang/Object;IILjava/lang/Object;)Ljava/lang/Object;> (0x00000000895cdf00) thrown at [c:/BuildAgent/work/5ff2f6c26000d570/src/hotspot/
Event: 11.869 Thread 0x00000281a941f000 Exception <a 'java/lang/NoSuchMethodError'{0x0000000088b9ee60}: java.lang.invoke.DirectMethodHandle$Holder.invokeStaticInit(Ljava/lang/Object;Ljava/lang/Object;)I> (0x0000000088b9ee60) thrown at [c:/BuildAgent/work/5ff2f6c26000d570/src/hotspot/share/inter
Event: 42.609 Thread 0x00000281a9613000 Exception <a 'java/lang/OutOfMemoryError'{0x0000000088b59638}> (0x0000000088b59638) thrown at [c:/BuildAgent/work/5ff2f6c26000d570/src/hotspot/share/prims/jni.cpp, line 636]
Event: 42.616 Thread 0x00000281a9613000 Exception <a 'java/lang/NoSuchMethodError'{0x0000000088b602d8}: getInstance> (0x0000000088b602d8) thrown at [c:/BuildAgent/work/5ff2f6c26000d570/src/hotspot/share/prims/jni.cpp, line 1333]

Events (10 events):
Event: 42.615 loading class java/lang/Throwable$PrintStreamOrWriter done
Event: 42.615 loading class java/lang/Throwable$WrappedPrintStream done
Event: 42.638 loading class javafx/event/Event
Event: 42.638 loading class javafx/event/Event done
Event: 42.638 loading class javafx/event/ActionEvent
Event: 42.638 loading class javafx/event/ActionEvent done
Event: 42.638 loading class javafx/event/ActionEvent
Event: 42.638 loading class javafx/event/ActionEvent done
Event: 42.638 loading class javafx/scene/Scene$ClickCounter
Event: 42.638 loading class javafx/scene/Scene$ClickCounter done


Dynamic libraries:
0x00007ff77c1c0000 - 0x00007ff77c207000 	G:\soft\IntelliJ IDEA Community Edition 2019.2.2\jbr\bin\java.exe
0x00007ffdb9a80000 - 0x00007ffdb9c70000 	C:\WINDOWS\SYSTEM32\ntdll.dll
0x00007ffdb7dd0000 - 0x00007ffdb7e82000 	C:\WINDOWS\System32\KERNEL32.DLL
0x00007ffdb7880000 - 0x00007ffdb7b23000 	C:\WINDOWS\System32\KERNELBASE.dll
0x00007ffdb8410000 - 0x00007ffdb85a4000 	C:\WINDOWS\System32\USER32.dll
0x00007ffdb6d00000 - 0x00007ffdb6d21000 	C:\WINDOWS\System32\win32u.dll
0x00007ffdb8080000 - 0x00007ffdb80a6000 	C:\WINDOWS\System32\GDI32.dll
0x00007ffdb6a10000 - 0x00007ffdb6ba4000 	C:\WINDOWS\System32\gdi32full.dll
0x00007ffdb7510000 - 0x00007ffdb75ae000 	C:\WINDOWS\System32\msvcp_win.dll
0x00007ffdb7600000 - 0x00007ffdb76fa000 	C:\WINDOWS\System32\ucrtbase.dll
0x00007ffda6e90000 - 0x00007ffda7115000 	C:\WINDOWS\WinSxS\amd64_microsoft.windows.common-controls_6595b64144ccf1df_6.0.18362.476_none_e6c4b11b130f2595\COMCTL32.dll
0x00007ffdb9230000 - 0x00007ffdb92ce000 	C:\WINDOWS\System32\msvcrt.dll
0x00007ffdb94b0000 - 0x00007ffdb97e6000 	C:\WINDOWS\System32\combase.dll
0x00007ffdb9850000 - 0x00007ffdb9970000 	C:\WINDOWS\System32\RPCRT4.dll
0x00007ffdb7800000 - 0x00007ffdb7880000 	C:\WINDOWS\System32\bcryptPrimitives.dll
0x00007ffdb80b0000 - 0x00007ffdb80de000 	C:\WINDOWS\System32\IMM32.DLL
0x00007ffdb2910000 - 0x00007ffdb2927000 	G:\soft\IntelliJ IDEA Community Edition 2019.2.2\jbr\bin\vcruntime140.dll
0x00007ffd89fe0000 - 0x00007ffd8a07d000 	G:\soft\IntelliJ IDEA Community Edition 2019.2.2\jbr\bin\msvcp140.dll
0x00007ffd72ee0000 - 0x00007ffd73997000 	G:\soft\IntelliJ IDEA Community Edition 2019.2.2\jbr\bin\server\jvm.dll
0x00007ffdb8360000 - 0x00007ffdb8403000 	C:\WINDOWS\System32\ADVAPI32.dll
0x00007ffdb7e90000 - 0x00007ffdb7f27000 	C:\WINDOWS\System32\sechost.dll
0x00007ffdb86c0000 - 0x00007ffdb86c8000 	C:\WINDOWS\System32\PSAPI.DLL
0x00007ffda0a20000 - 0x00007ffda0a29000 	C:\WINDOWS\SYSTEM32\WSOCK32.dll
0x00007ffdb7d00000 - 0x00007ffdb7d6f000 	C:\WINDOWS\System32\WS2_32.dll
0x00007ffdb4b90000 - 0x00007ffdb4bb4000 	C:\WINDOWS\SYSTEM32\WINMM.dll
0x00007ffdb0190000 - 0x00007ffdb019a000 	C:\WINDOWS\SYSTEM32\VERSION.dll
0x00007ffdb4a50000 - 0x00007ffdb4a7d000 	C:\WINDOWS\SYSTEM32\WINMMBASE.dll
0x00007ffdb75b0000 - 0x00007ffdb75fa000 	C:\WINDOWS\System32\cfgmgr32.dll
0x00007ffdb69f0000 - 0x00007ffdb6a01000 	C:\WINDOWS\System32\kernel.appcore.dll
0x00007ffdb23c0000 - 0x00007ffdb23d1000 	G:\soft\IntelliJ IDEA Community Edition 2019.2.2\jbr\bin\verify.dll
0x00007ffdaf0e0000 - 0x00007ffdaf2d4000 	C:\WINDOWS\SYSTEM32\DBGHELP.DLL
0x00007ffdaef70000 - 0x00007ffdaef9a000 	C:\WINDOWS\SYSTEM32\dbgcore.DLL
0x00007ffd9ce00000 - 0x00007ffd9ce29000 	G:\soft\IntelliJ IDEA Community Edition 2019.2.2\jbr\bin\java.dll
0x00007ffda81c0000 - 0x00007ffda81f4000 	G:\soft\IntelliJ IDEA Community Edition 2019.2.2\jbr\bin\instrument.dll
0x00007ffda5950000 - 0x00007ffda5967000 	G:\soft\IntelliJ IDEA Community Edition 2019.2.2\jbr\bin\zip.dll
0x00007ffdb4b80000 - 0x00007ffdb4b8b000 	G:\soft\IntelliJ IDEA Community Edition 2019.2.2\jbr\bin\jimage.dll
0x00007ffdb8b40000 - 0x00007ffdb9225000 	C:\WINDOWS\System32\SHELL32.dll
0x00007ffdb85b0000 - 0x00007ffdb8659000 	C:\WINDOWS\System32\shcore.dll
0x00007ffdb6d90000 - 0x00007ffdb750e000 	C:\WINDOWS\System32\windows.storage.dll
0x00007ffdb69d0000 - 0x00007ffdb69ef000 	C:\WINDOWS\System32\profapi.dll
0x00007ffdb6980000 - 0x00007ffdb69ca000 	C:\WINDOWS\System32\powrprof.dll
0x00007ffdb6950000 - 0x00007ffdb6960000 	C:\WINDOWS\System32\UMPDC.dll
0x00007ffdb97f0000 - 0x00007ffdb9842000 	C:\WINDOWS\System32\shlwapi.dll
0x00007ffdb7730000 - 0x00007ffdb7747000 	C:\WINDOWS\System32\cryptsp.dll
0x00007ffd9dd30000 - 0x00007ffd9dd4a000 	G:\soft\IntelliJ IDEA Community Edition 2019.2.2\jbr\bin\net.dll
0x00007ffdb01a0000 - 0x00007ffdb0290000 	C:\WINDOWS\SYSTEM32\WINHTTP.dll
0x00007ffda7160000 - 0x00007ffda7336000 	C:\WINDOWS\SYSTEM32\urlmon.dll
0x00007ffda76d0000 - 0x00007ffda7976000 	C:\WINDOWS\SYSTEM32\iertutil.dll
0x00007ffdb6330000 - 0x00007ffdb633c000 	C:\WINDOWS\SYSTEM32\CRYPTBASE.DLL
0x00007ffdb6160000 - 0x00007ffdb61c7000 	C:\WINDOWS\system32\mswsock.dll
0x00007ffd9cde0000 - 0x00007ffd9cdf4000 	G:\soft\IntelliJ IDEA Community Edition 2019.2.2\jbr\bin\nio.dll
0x00007ffdaeee0000 - 0x00007ffdaeefa000 	G:\soft\IntelliJ IDEA Community Edition 2019.2.2\bin\breakgen64.dll
0x000002818e0b0000 - 0x000002818e0b3000 	G:\soft\IntelliJ IDEA Community Edition 2019.2.2\jbr\bin\api-ms-win-core-console-l1-1-0.dll
0x000002818e0c0000 - 0x000002818e0c3000 	G:\soft\IntelliJ IDEA Community Edition 2019.2.2\jbr\bin\api-ms-win-core-datetime-l1-1-0.dll
0x000002818e0d0000 - 0x000002818e0d3000 	G:\soft\IntelliJ IDEA Community Edition 2019.2.2\jbr\bin\api-ms-win-core-debug-l1-1-0.dll
0x000002818e890000 - 0x000002818e893000 	G:\soft\IntelliJ IDEA Community Edition 2019.2.2\jbr\bin\api-ms-win-core-errorhandling-l1-1-0.dll
0x000002818e8a0000 - 0x000002818e8a4000 	G:\soft\IntelliJ IDEA Community Edition 2019.2.2\jbr\bin\api-ms-win-core-file-l1-1-0.dll
0x000002818e8b0000 - 0x000002818e8b3000 	G:\soft\IntelliJ IDEA Community Edition 2019.2.2\jbr\bin\api-ms-win-core-file-l1-2-0.dll
0x000002818e8c0000 - 0x000002818e8c3000 	G:\soft\IntelliJ IDEA Community Edition 2019.2.2\jbr\bin\api-ms-win-core-file-l2-1-0.dll
0x000002818e8d0000 - 0x000002818e8d3000 	G:\soft\IntelliJ IDEA Community Edition 2019.2.2\jbr\bin\api-ms-win-core-handle-l1-1-0.dll
0x000002818e8e0000 - 0x000002818e8e3000 	G:\soft\IntelliJ IDEA Community Edition 2019.2.2\jbr\bin\api-ms-win-core-heap-l1-1-0.dll
0x00000281a9430000 - 0x00000281a9433000 	G:\soft\IntelliJ IDEA Community Edition 2019.2.2\jbr\bin\api-ms-win-core-interlocked-l1-1-0.dll
0x00000281a9440000 - 0x00000281a9443000 	G:\soft\IntelliJ IDEA Community Edition 2019.2.2\jbr\bin\api-ms-win-core-libraryloader-l1-1-0.dll
0x00000281a9450000 - 0x00000281a9453000 	G:\soft\IntelliJ IDEA Community Edition 2019.2.2\jbr\bin\api-ms-win-core-localization-l1-2-0.dll
0x00000281a9460000 - 0x00000281a9463000 	G:\soft\IntelliJ IDEA Community Edition 2019.2.2\jbr\bin\api-ms-win-core-memory-l1-1-0.dll
0x00000281a9470000 - 0x00000281a9473000 	G:\soft\IntelliJ IDEA Community Edition 2019.2.2\jbr\bin\api-ms-win-core-namedpipe-l1-1-0.dll
0x00000281a9480000 - 0x00000281a9483000 	G:\soft\IntelliJ IDEA Community Edition 2019.2.2\jbr\bin\api-ms-win-core-processenvironment-l1-1-0.dll
0x00000281a9490000 - 0x00000281a9493000 	G:\soft\IntelliJ IDEA Community Edition 2019.2.2\jbr\bin\api-ms-win-core-processthreads-l1-1-0.dll
0x00000281a94a0000 - 0x00000281a94a3000 	G:\soft\IntelliJ IDEA Community Edition 2019.2.2\jbr\bin\api-ms-win-core-processthreads-l1-1-1.dll
0x00000281a94b0000 - 0x00000281a94b3000 	G:\soft\IntelliJ IDEA Community Edition 2019.2.2\jbr\bin\api-ms-win-core-profile-l1-1-0.dll
0x00000281a94c0000 - 0x00000281a94c3000 	G:\soft\IntelliJ IDEA Community Edition 2019.2.2\jbr\bin\api-ms-win-core-rtlsupport-l1-1-0.dll
0x00000281a94d0000 - 0x00000281a94d3000 	G:\soft\IntelliJ IDEA Community Edition 2019.2.2\jbr\bin\api-ms-win-core-string-l1-1-0.dll
0x00000281a94e0000 - 0x00000281a94e3000 	G:\soft\IntelliJ IDEA Community Edition 2019.2.2\jbr\bin\api-ms-win-core-synch-l1-1-0.dll
0x00000281a94f0000 - 0x00000281a94f3000 	G:\soft\IntelliJ IDEA Community Edition 2019.2.2\jbr\bin\api-ms-win-core-synch-l1-2-0.dll
0x00000281a9500000 - 0x00000281a9503000 	G:\soft\IntelliJ IDEA Community Edition 2019.2.2\jbr\bin\api-ms-win-core-sysinfo-l1-1-0.dll
0x00000281a9510000 - 0x00000281a9513000 	G:\soft\IntelliJ IDEA Community Edition 2019.2.2\jbr\bin\api-ms-win-core-timezone-l1-1-0.dll
0x00000281a9520000 - 0x00000281a9523000 	G:\soft\IntelliJ IDEA Community Edition 2019.2.2\jbr\bin\api-ms-win-core-util-l1-1-0.dll
0x00000281a9530000 - 0x00000281a9533000 	G:\soft\IntelliJ IDEA Community Edition 2019.2.2\jbr\bin\api-ms-win-crt-conio-l1-1-0.dll
0x00000281a9d40000 - 0x00000281a9d44000 	G:\soft\IntelliJ IDEA Community Edition 2019.2.2\jbr\bin\api-ms-win-crt-convert-l1-1-0.dll
0x00000281a9d50000 - 0x00000281a9d53000 	G:\soft\IntelliJ IDEA Community Edition 2019.2.2\jbr\bin\api-ms-win-crt-environment-l1-1-0.dll
0x00000281a9d60000 - 0x00000281a9d63000 	G:\soft\IntelliJ IDEA Community Edition 2019.2.2\jbr\bin\api-ms-win-crt-filesystem-l1-1-0.dll
0x00000281a9d70000 - 0x00000281a9d73000 	G:\soft\IntelliJ IDEA Community Edition 2019.2.2\jbr\bin\api-ms-win-crt-heap-l1-1-0.dll
0x00000281a9d80000 - 0x00000281a9d83000 	G:\soft\IntelliJ IDEA Community Edition 2019.2.2\jbr\bin\api-ms-win-crt-locale-l1-1-0.dll
0x00000281a9d90000 - 0x00000281a9d95000 	G:\soft\IntelliJ IDEA Community Edition 2019.2.2\jbr\bin\api-ms-win-crt-math-l1-1-0.dll
0x00000281a9da0000 - 0x00000281a9da5000 	G:\soft\IntelliJ IDEA Community Edition 2019.2.2\jbr\bin\api-ms-win-crt-multibyte-l1-1-0.dll
0x00000281a9db0000 - 0x00000281a9dc0000 	G:\soft\IntelliJ IDEA Community Edition 2019.2.2\jbr\bin\api-ms-win-crt-private-l1-1-0.dll
0x00000281a9dc0000 - 0x00000281a9dc3000 	G:\soft\IntelliJ IDEA Community Edition 2019.2.2\jbr\bin\api-ms-win-crt-process-l1-1-0.dll
0x00000281a9dd0000 - 0x00000281a9dd4000 	G:\soft\IntelliJ IDEA Community Edition 2019.2.2\jbr\bin\api-ms-win-crt-runtime-l1-1-0.dll
0x00000281a9de0000 - 0x00000281a9de4000 	G:\soft\IntelliJ IDEA Community Edition 2019.2.2\jbr\bin\api-ms-win-crt-stdio-l1-1-0.dll
0x00000281a9df0000 - 0x00000281a9df4000 	G:\soft\IntelliJ IDEA Community Edition 2019.2.2\jbr\bin\api-ms-win-crt-string-l1-1-0.dll
0x00000281a9e00000 - 0x00000281a9e03000 	G:\soft\IntelliJ IDEA Community Edition 2019.2.2\jbr\bin\api-ms-win-crt-time-l1-1-0.dll
0x00000281a9e10000 - 0x00000281a9e13000 	G:\soft\IntelliJ IDEA Community Edition 2019.2.2\jbr\bin\api-ms-win-crt-utility-l1-1-0.dll
0x00007ffd9ce90000 - 0x00007ffd9cf8a000 	G:\soft\IntelliJ IDEA Community Edition 2019.2.2\jbr\bin\ucrtbase.dll
0x00007ffd9cd80000 - 0x00007ffd9cdd1000 	C:\Windows\System32\concrt140.dll
0x00007ffda9bd0000 - 0x00007ffda9bf3000 	G:\soft\IntelliJ IDEA Community Edition 2019.2.2\jbr\bin\prism_d3d.dll
0x00007ffdb1a30000 - 0x00007ffdb1bf7000 	C:\WINDOWS\system32\d3d9.dll
0x00007ffdb50d0000 - 0x00007ffdb50fd000 	C:\WINDOWS\SYSTEM32\dwmapi.dll
0x00007ffdb55a0000 - 0x00007ffdb55c0000 	C:\WINDOWS\SYSTEM32\dxcore.dll
0x00007ffdb4cb0000 - 0x00007ffdb4d49000 	C:\WINDOWS\system32\uxtheme.dll
0x00007ffd614b0000 - 0x00007ffd64d09000 	C:\WINDOWS\System32\DriverStore\FileRepository\igdlh64.inf_amd64_6cdba260ba259860\igdumdim64.dll
0x00007ffdb9970000 - 0x00007ffdb9a34000 	C:\WINDOWS\System32\OLEAUT32.dll
0x00007ffdb7b30000 - 0x00007ffdb7c86000 	C:\WINDOWS\System32\ole32.dll
0x00007ffdb86d0000 - 0x00007ffdb8b40000 	C:\WINDOWS\System32\SETUPAPI.dll
0x00007ffdb7700000 - 0x00007ffdb7726000 	C:\WINDOWS\System32\bcrypt.dll
0x00007ffd9cd30000 - 0x00007ffd9cd75000 	G:\soft\IntelliJ IDEA Community Edition 2019.2.2\jbr\bin\glass.dll
0x00007ffdb7f30000 - 0x00007ffdb8000000 	C:\WINDOWS\System32\COMDLG32.dll
0x00007ffdb9370000 - 0x00007ffdb94a6000 	C:\WINDOWS\System32\MSCTF.dll
0x00007ffdaae00000 - 0x00007ffdac402000 	C:\WINDOWS\System32\DriverStore\FileRepository\igdlh64.inf_amd64_6cdba260ba259860\igc64.dll
0x00007ffda7ea0000 - 0x00007ffda7eb4000 	G:\soft\IntelliJ IDEA Community Edition 2019.2.2\jbr\bin\javafx_font.dll
0x00007ffd8a9e0000 - 0x00007ffd8ab82000 	G:\soft\IntelliJ IDEA Community Edition 2019.2.2\jbr\bin\awt.dll
0x00007ffdb3510000 - 0x00007ffdb3ad0000 	C:\WINDOWS\SYSTEM32\d2d1.dll
0x00007ffdb4bc0000 - 0x00007ffdb4c4f000 	C:\WINDOWS\SYSTEM32\apphelp.dll
0x00007ffd8abe0000 - 0x00007ffd8ac62000 	G:\soft\IntelliJ IDEA Community Edition 2019.2.2\jbr\bin\freetype.dll
0x00007ffd8a0e0000 - 0x00007ffd8a151000 	G:\soft\IntelliJ IDEA Community Edition 2019.2.2\jbr\bin\fontmanager.dll
0x00007ffda49a0000 - 0x00007ffda49c8000 	G:\soft\IntelliJ IDEA Community Edition 2019.2.2\jbr\bin\javafx_iio.dll
0x00007ffd9c9b0000 - 0x00007ffd9ccae000 	C:\WINDOWS\SYSTEM32\dwrite.dll
0x00007ffdb5eb0000 - 0x00007ffdb5f7a000 	C:\WINDOWS\SYSTEM32\DNSAPI.dll
0x00007ffdb8190000 - 0x00007ffdb8198000 	C:\WINDOWS\System32\NSI.dll
0x00007ffdb5e70000 - 0x00007ffdb5eaa000 	C:\WINDOWS\SYSTEM32\IPHLPAPI.DLL
0x00007ffdaf350000 - 0x00007ffdaf35a000 	C:\Windows\System32\rasadhlp.dll
0x00007ffdb0f70000 - 0x00007ffdb0fe7000 	C:\WINDOWS\System32\fwpuclnt.dll
0x00007ffdb80e0000 - 0x00007ffdb8182000 	C:\WINDOWS\System32\clbcatq.dll
0x00007ffdad8a0000 - 0x00007ffdada4f000 	C:\WINDOWS\SYSTEM32\WindowsCodecs.dll
0x00007ffda6e40000 - 0x00007ffda6e7a000 	C:\WINDOWS\system32\dataexchange.dll
0x00007ffdb3ad0000 - 0x00007ffdb3d2b000 	C:\WINDOWS\system32\d3d11.dll
0x00007ffdb42f0000 - 0x00007ffdb44cb000 	C:\WINDOWS\system32\dcomp.dll
0x00007ffdb5630000 - 0x00007ffdb571b000 	C:\WINDOWS\system32\dxgi.dll
0x00007ffdb4d70000 - 0x00007ffdb4fca000 	C:\WINDOWS\system32\twinapi.appcore.dll

dbghelp: loaded successfully - version: 4.0.5 - missing functions: none
symbol engine: initialized successfully - sym options: 0x614 - pdb path: .;G:\soft\IntelliJ IDEA Community Edition 2019.2.2\jbr\bin;C:\WINDOWS\SYSTEM32;C:\WINDOWS\WinSxS\amd64_microsoft.windows.common-controls_6595b64144ccf1df_6.0.18362.476_none_e6c4b11b130f2595;G:\soft\IntelliJ IDEA Community Edition 2019.2.2\jbr\bin\server;G:\soft\IntelliJ IDEA Community Edition 2019.2.2\bin;C:\WINDOWS\System32\DriverStore\FileRepository\igdlh64.inf_amd64_6cdba260ba259860;C:\WINDOWS\System32\DriverStore\FileRepository\nvwi.inf_amd64_cbc54a6d6c5ef7b7;C:\Program Files\Common Files\Microsoft Shared\Ink

VM Arguments:
jvm_args: -javaagent:G:\soft\IntelliJ IDEA Community Edition 2019.2.2\lib\idea_rt.jar=64222:G:\soft\IntelliJ IDEA Community Edition 2019.2.2\bin -Dfile.encoding=UTF-8 
java_command: user.UserMain
java_class_path (initial): D:\idea\LibrarySystemGDUFE\out\production\LibrarySystemGDUFE;D:\idea\LibrarySystemGDUFE\src\lib\mysql-connector-java-8.0.18.jar
Launcher Type: SUN_STANDARD

[Global flags]
     intx CICompilerCount                          = 3                                         {product} {ergonomic}
     uint ConcGCThreads                            = 1                                         {product} {ergonomic}
     uint G1ConcRefinementThreads                  = 4                                         {product} {ergonomic}
   size_t G1HeapRegionSize                         = 1048576                                   {product} {ergonomic}
    uintx GCDrainStackTargetSize                   = 64                                        {product} {ergonomic}
   size_t InitialHeapSize                          = 134217728                                 {product} {ergonomic}
   size_t MarkStackSize                            = 4194304                                   {product} {ergonomic}
   size_t MaxHeapSize                              = 2120220672                                {product} {ergonomic}
   size_t MaxNewSize                               = 1271922688                                {product} {ergonomic}
   size_t MinHeapDeltaBytes                        = 1048576                                   {product} {ergonomic}
    uintx NonNMethodCodeHeapSize                   = 5830092                                {pd product} {ergonomic}
    uintx NonProfiledCodeHeapSize                  = 122914074                              {pd product} {ergonomic}
    uintx ProfiledCodeHeapSize                     = 122914074                              {pd product} {ergonomic}
    uintx ReservedCodeCacheSize                    = 251658240                              {pd product} {ergonomic}
     bool SegmentedCodeCache                       = true                                      {product} {ergonomic}
     bool UseCompressedClassPointers               = true                                 {lp64_product} {ergonomic}
     bool UseCompressedOops                        = true                                 {lp64_product} {ergonomic}
     bool UseG1GC                                  = true                                      {product} {ergonomic}
     bool UseLargePagesIndividualAllocation        = false                                  {pd product} {ergonomic}

Logging:
Log output configuration:
 #0: stdout all=warning uptime,level,tags
 #1: stderr all=off uptime,level,tags

Environment Variables:
JAVA_HOME=G:\soft\Java\jdk-12.0.2
PATH=G:\soft\NetSarang\Xftp\;C:\WINDOWS\system32;C:\WINDOWS;C:\WINDOWS\System32\Wbem;C:\WINDOWS\System32\WindowsPowerShell\v1.0\;C:\WINDOWS\System32\OpenSSH\;G:\soft\Git\cmd;C:\Program Files\Intel\WiFi\bin\;C:\Program Files\Common Files\Intel\WirelessCommon\;C:\Program Files (x86)\NVIDIA Corporation\PhysX\Common;C:\Program Files\MySQL\MySQL Server 8.0\bin;J:\Other\WinR;G:\soft\Java\jdk-12.0.2\bin;G:\soft\Python\Scripts\;G:\soft\Python\;C:\Users\jinl1\AppData\Local\Microsoft\WindowsApps;G:\soft\Microsoft VS Code\bin;C:\Program Files\Intel\WiFi\bin\;C:\Program Files\Common Files\Intel\WirelessCommon\;G:\soft\Java\jdk-12.0.2\bin;G:\soft\IntelliJ IDEA Community Edition 2019.2.2\bin;C:\Users\jinl1\AppData\Local\GitHubDesktop\bin
USERNAME=jinl1
OS=Windows_NT
PROCESSOR_IDENTIFIER=Intel64 Family 6 Model 78 Stepping 3, GenuineIntel



---------------  S Y S T E M  ---------------

OS: Windows 10 , 64 bit Build 18362 (10.0.18362.329)

CPU:total 4 (initial active 4) (2 cores per cpu, 2 threads per core) family 6 model 78 stepping 3, cmov, cx8, fxsr, mmx, sse, sse2, sse3, ssse3, sse4.1, sse4.2, popcnt, avx, avx2, aes, clmul, erms, 3dnowpref, lzcnt, ht, tsc, tscinvbit, bmi1, bmi2, adx, fma

Memory: 4k page, system-wide physical 8087M (542M free)
TotalPageFile size 25940M (AvailPageFile size 8M)
current process WorkingSet (physical memory assigned to process): 241M, peak: 279M
current process commit charge ("private bytes"): 295M, peak: 334M

vm_info: OpenJDK 64-Bit Server VM (11.0.3+12-b304.56) for windows-amd64 JRE (11.0.3+12-b304.56), built on Sep  3 2019 10:54:25 by "" with MS VC++ 14.0 (VS2015)

END.
